__________________________________________________________________________

Thu Nov 26 13:41:49 CST 2020

Free Memory: 1448860 kB
Total Memory: 1526272 kB

java.class.path:
    /tmp/install.dir.238686/InstallerData
    /tmp/install.dir.238686/InstallerData/installer.zip

ZGUtil.CLASS_PATH:
    /tmp/install.dir.238686/InstallerData
    /tmp/install.dir.238686/InstallerData/installer.zip

sun.boot.class.path:
    /usr/lib/jvm/java-1.8.0-openjdk-1.8.0.262.b10-0.el7_8.x86_64/jre/lib/resources.jar
    /usr/lib/jvm/java-1.8.0-openjdk-1.8.0.262.b10-0.el7_8.x86_64/jre/lib/rt.jar
    /usr/lib/jvm/java-1.8.0-openjdk-1.8.0.262.b10-0.el7_8.x86_64/jre/lib/sunrsasign.jar
    /usr/lib/jvm/java-1.8.0-openjdk-1.8.0.262.b10-0.el7_8.x86_64/jre/lib/jsse.jar
    /usr/lib/jvm/java-1.8.0-openjdk-1.8.0.262.b10-0.el7_8.x86_64/jre/lib/jce.jar
    /usr/lib/jvm/java-1.8.0-openjdk-1.8.0.262.b10-0.el7_8.x86_64/jre/lib/charsets.jar
    /usr/lib/jvm/java-1.8.0-openjdk-1.8.0.262.b10-0.el7_8.x86_64/jre/lib/jfr.jar
    /usr/lib/jvm/java-1.8.0-openjdk-1.8.0.262.b10-0.el7_8.x86_64/jre/classes

java.ext.dirs:
    /usr/lib/jvm/java-1.8.0-openjdk-1.8.0.262.b10-0.el7_8.x86_64/jre/lib/ext
    /usr/java/packages/lib/ext

java.version                  == 1.8.0_262 (Java 1)
java.vm.name                  == OpenJDK 64-Bit Server VM
java.vm.vendor                == Oracle Corporation
java.vm.version               == 25.262-b10
java.vm.specification.name    == Java Virtual Machine Specification
java.vm.specification.vendor  == Oracle Corporation
java.vm.specification.version == 1.8
java.specification.name       == Java Platform API Specification
java.specification.vendor     == Oracle Corporation
java.specification.version    == 1.8
java.vendor                   == Oracle Corporation
java.vendor.url               == http://java.oracle.com/
java.class.version            == 52.0
java.compiler                 == null
java.home                     == /usr/lib/jvm/java-1.8.0-openjdk-1.8.0.262.b10-0.el7_8.x86_64/jre
java.io.tmpdir                == /tmp
os.name                       == Linux
os.arch                       == amd64
os.version                    == 3.10.0-1127.19.1.el7.x86_64
path.separator                == :
file.separator                == /
file.encoding                 == UTF-8
user.name                     == binh
user.home                     == /home/binh
user.dir                      == /tmp/install.dir.238686
user.language                 == en
user.region                   == null
__________________________________________________________________________

Installed Feature(s) Applica of JPlotResp

Install Begin: NOVEMBER 26, 2020 1:40:30 PM CST
Install End: NOVEMBER 26, 2020 1:41:43 PM CST

Installed by InstallAnywhere 14.0 Standard Build 4390


User Interactions
-----------------


#Choose Install Folder
#---------------------
USER_INSTALL_DIR=/home/binh/tools

#Choose Link Folder
#------------------
USER_SHORTCUTS=/home/binh

#Install
#-------
-fileOverwrite_/home/binh/tools/UninstallerData/Uninstall JPlotResp.lax=Yes
-fileOverwrite_/home/binh/tools/JPlotResp.lax=Yes
-fileOverwrite_/home/binh/tools/CmdLnPlotter.bat=Yes
-fileOverwrite_/home/binh/tools/CmdLnPlotter=Yes
-fileOverwrite_/home/binh/tools/run.bat=Yes
-fileOverwrite_/home/binh/tools/run=Yes
-fileOverwrite_/home/binh/tools/irisws.prop=Yes
-fileOverwrite_/home/binh/tools/ncedcws.prop=Yes
-fileOverwrite_/home/binh/tools/irisncedcws.prop=Yes
-fileOverwrite_/home/binh/tools/JEvalResp.html=Yes
-fileOverwrite_/home/binh/tools/JPlotResp.html=Yes
-fileOverwrite_/home/binh/tools/JPlotResp.jar=Yes
-fileOverwrite_/home/binh/tools/JEvalResp.jar=Yes
-fileOverwrite_/home/binh/tools/JEvalResp.exe=Yes
-fileOverwrite_/home/binh/tools/JEvalResp=Yes
-fileOverwrite_/home/binh/tools/src.jar=Yes

Summary
-------

Installation: Successful.

369 Successes
0 Warnings
0 NonFatalErrors
0 FatalErrors

Action Notes:

None

Install Log Detail:

Check Disk Space:         /home/binh/JPlotResp
                          Status: SUCCESSFUL
                          Additional Notes: NOTE - Required Disk Space: 20,485,760; Free Disk Space: 245,420,118,016

Check Disk Space:         /home/binh/tools
                          Status: SUCCESSFUL
                          Additional Notes: NOTE - Required Disk Space: 20,485,760; Free Disk Space: 245,421,199,360

Install Directory:        /home/binh/tools/
                          Status: SUCCESSFUL
                          Additional Notes: NOTE - Directory already existed

Install Directory:        /home/binh/tools/UninstallerData/
                          Status: SUCCESSFUL

Install Uninstaller:      JPlotResp(Install All Uninstaller Components)
                          Status: SUCCESSFUL


Install File:             /home/binh/tools/UninstallerData/Uninstall JPlotResp.lax
                          Status: SUCCESSFUL

Install Uninstaller:      JPlotResp(Install All Uninstaller Components)
                          Status: SUCCESSFUL

Create LaunchAnywhere:    JPlotResp (Install All LaunchAnywhere Java Executable Components)
                          Status: SUCCESSFUL


Install File:             /home/binh/tools/JPlotResp.lax
                          Status: SUCCESSFUL

Create LaunchAnywhere:    JPlotResp (Install All LaunchAnywhere Java Executable Components)
                          Status: SUCCESSFUL

Install File:             /home/binh/tools/CmdLnPlotter.bat
                          Status: SUCCESSFUL

Install File:             /home/binh/tools/CmdLnPlotter
                          Status: SUCCESSFUL

Install File:             /home/binh/tools/run.bat
                          Status: SUCCESSFUL

Install File:             /home/binh/tools/run
                          Status: SUCCESSFUL

Install File:             /home/binh/tools/irisws.prop
                          Status: SUCCESSFUL

Install File:             /home/binh/tools/ncedcws.prop
                          Status: SUCCESSFUL

Install File:             /home/binh/tools/irisncedcws.prop
                          Status: SUCCESSFUL

Install File:             /home/binh/tools/JEvalResp.html
                          Status: SUCCESSFUL

Install File:             /home/binh/tools/JPlotResp.html
                          Status: SUCCESSFUL

Install File:             /home/binh/tools/JPlotResp.jar
                          Status: SUCCESSFUL

Install File:             /home/binh/tools/JEvalResp.jar
                          Status: SUCCESSFUL

Install File:             /home/binh/tools/JEvalResp.exe
                          Status: SUCCESSFUL

Install File:             /home/binh/tools/JEvalResp
                          Status: SUCCESSFUL

Install File:             /home/binh/tools/src.jar
                          Status: SUCCESSFUL

Install File:             /home/binh/tools/javadocs/allclasses-frame.html
                          Status: SUCCESSFUL

Install File:             /home/binh/tools/javadocs/allclasses-noframe.html
                          Status: SUCCESSFUL

Install File:             /home/binh/tools/javadocs/com/isti/jevalresp/AmpPhaseBlk.html
                          Status: SUCCESSFUL

Install File:             /home/binh/tools/javadocs/com/isti/jevalresp/CallbackProcWrite.html
                          Status: SUCCESSFUL

Install File:             /home/binh/tools/javadocs/com/isti/jevalresp/ChanIdHldr.html
                          Status: SUCCESSFUL

Install File:             /home/binh/tools/javadocs/com/isti/jevalresp/ComplexBlk.html
                          Status: SUCCESSFUL

Install File:             /home/binh/tools/javadocs/com/isti/jevalresp/FissuresNamingUtils.html
                          Status: SUCCESSFUL

Install File:             /home/binh/tools/javadocs/com/isti/jevalresp/NetVersionFlag.html
                          Status: SUCCESSFUL

Install File:             /home/binh/tools/javadocs/com/isti/jevalresp/OutputGenerator.html
                          Status: SUCCESSFUL

Install File:             /home/binh/tools/javadocs/com/isti/jevalresp/OutputGenerator.TypeNormStringBlock.html
                          Status: SUCCESSFUL

Install File:             /home/binh/tools/javadocs/com/isti/jevalresp/package-frame.html
                          Status: SUCCESSFUL

Install File:             /home/binh/tools/javadocs/com/isti/jevalresp/package-summary.html
                          Status: SUCCESSFUL

Install File:             /home/binh/tools/javadocs/com/isti/jevalresp/package-tree.html
                          Status: SUCCESSFUL

Install File:             /home/binh/tools/javadocs/com/isti/jevalresp/RespArraysInfo.html
                          Status: SUCCESSFUL

Install File:             /home/binh/tools/javadocs/com/isti/jevalresp/RespCallback.html
                          Status: SUCCESSFUL

Install File:             /home/binh/tools/javadocs/com/isti/jevalresp/RespFileParser.BlockFieldSpec.html
                          Status: SUCCESSFUL

Install File:             /home/binh/tools/javadocs/com/isti/jevalresp/RespFileParser.html
                          Status: SUCCESSFUL

Install File:             /home/binh/tools/javadocs/com/isti/jevalresp/RespFileParser.RefInfoSpec.html
                          Status: SUCCESSFUL

Install File:             /home/binh/tools/javadocs/com/isti/jevalresp/RespFileParser.RespListItem.html
                          Status: SUCCESSFUL

Install File:             /home/binh/tools/javadocs/com/isti/jevalresp/RespInfoBlk.html
                          Status: SUCCESSFUL

Install File:             /home/binh/tools/javadocs/com/isti/jevalresp/RespNetProc.html
                          Status: SUCCESSFUL

Install File:             /home/binh/tools/javadocs/com/isti/jevalresp/RespProcessor.html
                          Status: SUCCESSFUL

Install File:             /home/binh/tools/javadocs/com/isti/jevalresp/RespTokenizer.html
                          Status: SUCCESSFUL

Install File:             /home/binh/tools/javadocs/com/isti/jevalresp/RespUtils.html
                          Status: SUCCESSFUL

Install File:             /home/binh/tools/javadocs/com/isti/jevalresp/RespWebProc.html
                          Status: SUCCESSFUL

Install File:             /home/binh/tools/javadocs/com/isti/jevalresp/Run.html
                          Status: SUCCESSFUL

Install File:             /home/binh/tools/javadocs/com/isti/jevalresp/RunBlks.html
                          Status: SUCCESSFUL

Install File:             /home/binh/tools/javadocs/com/isti/jevalresp/RunDirect.html
                          Status: SUCCESSFUL

Install File:             /home/binh/tools/javadocs/com/isti/jevalresp/RunExt.html
                          Status: SUCCESSFUL

Install File:             /home/binh/tools/javadocs/com/isti/jplotresp/AmpPhaseComboBox.html
                          Status: SUCCESSFUL

Install File:             /home/binh/tools/javadocs/com/isti/jplotresp/AmpPhaseDataset.AmpPhaseTooltipGenerator.html
                          Status: SUCCESSFUL

Install File:             /home/binh/tools/javadocs/com/isti/jplotresp/AmpPhaseDataset.html
                          Status: SUCCESSFUL

Install File:             /home/binh/tools/javadocs/com/isti/jplotresp/CallbackProcPlot.html
                          Status: SUCCESSFUL

Install File:             /home/binh/tools/javadocs/com/isti/jplotresp/ChartPanelWithCopy.html
                          Status: SUCCESSFUL

Install File:             /home/binh/tools/javadocs/com/isti/jplotresp/CmdLnPlotter.html
                          Status: SUCCESSFUL

Install File:             /home/binh/tools/javadocs/com/isti/jplotresp/CmdLnPlotter.SetupLookAndFeel.html
                          Status: SUCCESSFUL

Install File:             /home/binh/tools/javadocs/com/isti/jplotresp/ConfigManager.html
                          Status: SUCCESSFUL

Install File:             /home/binh/tools/javadocs/com/isti/jplotresp/FreqValueBlk.html
                          Status: SUCCESSFUL

Install File:             /home/binh/tools/javadocs/com/isti/jplotresp/FreqValuesSet.html
                          Status: SUCCESSFUL

Install File:             /home/binh/tools/javadocs/com/isti/jplotresp/IRISSmall.html
                          Status: SUCCESSFUL

Install File:             /home/binh/tools/javadocs/com/isti/jplotresp/JPlotResp.html
                          Status: SUCCESSFUL

Install File:             /home/binh/tools/javadocs/com/isti/jplotresp/package-frame.html
                          Status: SUCCESSFUL

Install File:             /home/binh/tools/javadocs/com/isti/jplotresp/package-summary.html
                          Status: SUCCESSFUL

Install File:             /home/binh/tools/javadocs/com/isti/jplotresp/package-tree.html
                          Status: SUCCESSFUL

Install File:             /home/binh/tools/javadocs/com/isti/jplotresp/PlotDisplayOptionPanel.html
                          Status: SUCCESSFUL

Install File:             /home/binh/tools/javadocs/com/isti/jplotresp/PlotRun.html
                          Status: SUCCESSFUL

Install File:             /home/binh/tools/javadocs/com/isti/jplotresp/RespAboutPanel.html
                          Status: SUCCESSFUL

Install File:             /home/binh/tools/javadocs/com/isti/jplotresp/RespChartPanel.html
                          Status: SUCCESSFUL

Install File:             /home/binh/tools/javadocs/com/isti/jplotresp/RespChartPanel.RespXYLineAndShapeRenderer.html
                          Status: SUCCESSFUL

Install File:             /home/binh/tools/javadocs/com/isti/jplotresp/RespConsolePanel.html
                          Status: SUCCESSFUL

Install File:             /home/binh/tools/javadocs/com/isti/jplotresp/RespEntryPanel.html
                          Status: SUCCESSFUL

Install File:             /home/binh/tools/javadocs/com/isti/jplotresp/RespPlotPanel.html
                          Status: SUCCESSFUL

Install File:             /home/binh/tools/javadocs/com/isti/jplotresp/RespProcessingThread.html
                          Status: SUCCESSFUL

Install File:             /home/binh/tools/javadocs/com/isti/jplotresp/RespTimePanel.html
                          Status: SUCCESSFUL

Install File:             /home/binh/tools/javadocs/com/isti/util/AbstractFileFilter.html
                          Status: SUCCESSFUL

Install File:             /home/binh/tools/javadocs/com/isti/util/AbstractQueryStringProcessor.html
                          Status: SUCCESSFUL

Install File:             /home/binh/tools/javadocs/com/isti/util/AddrPortListMgr.EntryBlock.html
                          Status: SUCCESSFUL

Install File:             /home/binh/tools/javadocs/com/isti/util/AddrPortListMgr.html
                          Status: SUCCESSFUL

Install File:             /home/binh/tools/javadocs/com/isti/util/AppletProperties.html
                          Status: SUCCESSFUL

Install File:             /home/binh/tools/javadocs/com/isti/util/Archivable.html
                          Status: SUCCESSFUL

Install File:             /home/binh/tools/javadocs/com/isti/util/Archivable.Marker.html
                          Status: SUCCESSFUL

Install File:             /home/binh/tools/javadocs/com/isti/util/ArchivableData.html
                          Status: SUCCESSFUL

Install File:             /home/binh/tools/javadocs/com/isti/util/ArchiveManager.html
                          Status: SUCCESSFUL

Install File:             /home/binh/tools/javadocs/com/isti/util/ArchiveManager.ProcessCallBack.html
                          Status: SUCCESSFUL

Install File:             /home/binh/tools/javadocs/com/isti/util/Averager.html
                          Status: SUCCESSFUL

Install File:             /home/binh/tools/javadocs/com/isti/util/BaseProperties.html
                          Status: SUCCESSFUL

Install File:             /home/binh/tools/javadocs/com/isti/util/BaseValueTableModel.html
                          Status: SUCCESSFUL

Install File:             /home/binh/tools/javadocs/com/isti/util/BasicColumnFilter.html
                          Status: SUCCESSFUL

Install File:             /home/binh/tools/javadocs/com/isti/util/BasicLaunchBrowser.html
                          Status: SUCCESSFUL

Install File:             /home/binh/tools/javadocs/com/isti/util/BasicRowFilter.html
                          Status: SUCCESSFUL

Install File:             /home/binh/tools/javadocs/com/isti/util/BooleanCp.html
                          Status: SUCCESSFUL

Install File:             /home/binh/tools/javadocs/com/isti/util/BufOrderedVector.html
                          Status: SUCCESSFUL

Install File:             /home/binh/tools/javadocs/com/isti/util/CallBackCompletion.html
                          Status: SUCCESSFUL

Install File:             /home/binh/tools/javadocs/com/isti/util/CallBackNoParam.html
                          Status: SUCCESSFUL

Install File:             /home/binh/tools/javadocs/com/isti/util/CallBackStringFlag.html
                          Status: SUCCESSFUL

Install File:             /home/binh/tools/javadocs/com/isti/util/CallBackStringParam.html
                          Status: SUCCESSFUL

Install File:             /home/binh/tools/javadocs/com/isti/util/CfgFileParser.html
                          Status: SUCCESSFUL

Install File:             /home/binh/tools/javadocs/com/isti/util/CfgFileTokenizer.html
                          Status: SUCCESSFUL

Install File:             /home/binh/tools/javadocs/com/isti/util/CfgProperties.html
                          Status: SUCCESSFUL

Install File:             /home/binh/tools/javadocs/com/isti/util/CfgPropItem.html
                          Status: SUCCESSFUL

Install File:             /home/binh/tools/javadocs/com/isti/util/CfgPropItem.ItemGroupSelector.html
                          Status: SUCCESSFUL

Install File:             /home/binh/tools/javadocs/com/isti/util/CfgPropItem.MapEntry.html
                          Status: SUCCESSFUL

Install File:             /home/binh/tools/javadocs/com/isti/util/CfgPropValidator.html
                          Status: SUCCESSFUL

Install File:             /home/binh/tools/javadocs/com/isti/util/CircularBuffer.html
                          Status: SUCCESSFUL

Install File:             /home/binh/tools/javadocs/com/isti/util/ClientLogViaCfgProps.html
                          Status: SUCCESSFUL

Install File:             /home/binh/tools/javadocs/com/isti/util/DataChangedListener.html
                          Status: SUCCESSFUL

Install File:             /home/binh/tools/javadocs/com/isti/util/DataChgdListenerSupport.html
                          Status: SUCCESSFUL

Install File:             /home/binh/tools/javadocs/com/isti/util/DelimiterSeparatedValues.html
                          Status: SUCCESSFUL

Install File:             /home/binh/tools/javadocs/com/isti/util/DelimiterSeparatedValuesTable.html
                          Status: SUCCESSFUL

Install File:             /home/binh/tools/javadocs/com/isti/util/DupJarLauncher.html
                          Status: SUCCESSFUL

Install File:             /home/binh/tools/javadocs/com/isti/util/EndianUtilFns.html
                          Status: SUCCESSFUL

Install File:             /home/binh/tools/javadocs/com/isti/util/ErrorMessageMgr.html
                          Status: SUCCESSFUL

Install File:             /home/binh/tools/javadocs/com/isti/util/ErrorMsgMgrIntf.html
                          Status: SUCCESSFUL

Install File:             /home/binh/tools/javadocs/com/isti/util/ExtendedArchiveManager.AbstractWorkerThread.html
                          Status: SUCCESSFUL

Install File:             /home/binh/tools/javadocs/com/isti/util/ExtendedArchiveManager.ArchiveItemWorkerThread.html
                          Status: SUCCESSFUL

Install File:             /home/binh/tools/javadocs/com/isti/util/ExtendedArchiveManager.html
                          Status: SUCCESSFUL

Install File:             /home/binh/tools/javadocs/com/isti/util/ExtendedArchiveManager.PurgeWorkerThread.html
                          Status: SUCCESSFUL

Install File:             /home/binh/tools/javadocs/com/isti/util/ExtendedComparable.html
                          Status: SUCCESSFUL

Install File:             /home/binh/tools/javadocs/com/isti/util/ExtensionFileFilter.html
                          Status: SUCCESSFUL

Install File:             /home/binh/tools/javadocs/com/isti/util/FifoHashtable.html
                          Status: SUCCESSFUL

Install File:             /home/binh/tools/javadocs/com/isti/util/FifoHashtable.MapEntry.html
                          Status: SUCCESSFUL

Install File:             /home/binh/tools/javadocs/com/isti/util/FileDataMonitor.html
                          Status: SUCCESSFUL

Install File:             /home/binh/tools/javadocs/com/isti/util/FileDownloader.html
                          Status: SUCCESSFUL

Install File:             /home/binh/tools/javadocs/com/isti/util/FileMonPollingThread.FileDataCallBack.html
                          Status: SUCCESSFUL

Install File:             /home/binh/tools/javadocs/com/isti/util/FileMonPollingThread.html
                          Status: SUCCESSFUL

Install File:             /home/binh/tools/javadocs/com/isti/util/FileProcessor.html
                          Status: SUCCESSFUL

Install File:             /home/binh/tools/javadocs/com/isti/util/FileToByteArray.html
                          Status: SUCCESSFUL

Install File:             /home/binh/tools/javadocs/com/isti/util/FileUtils.html
                          Status: SUCCESSFUL

Install File:             /home/binh/tools/javadocs/com/isti/util/FlatDailyArchiveManager.html
                          Status: SUCCESSFUL

Install File:             /home/binh/tools/javadocs/com/isti/util/gui/AbstractCellEditor.html
                          Status: SUCCESSFUL

Install File:             /home/binh/tools/javadocs/com/isti/util/gui/AbstractTreeTableModel.html
                          Status: SUCCESSFUL

Install File:             /home/binh/tools/javadocs/com/isti/util/gui/CheckBoxItemPanel.html
                          Status: SUCCESSFUL

Install File:             /home/binh/tools/javadocs/com/isti/util/gui/ChooserPreviewPanel.AlphaNumberListener.html
                          Status: SUCCESSFUL

Install File:             /home/binh/tools/javadocs/com/isti/util/gui/ChooserPreviewPanel.html
                          Status: SUCCESSFUL

Install File:             /home/binh/tools/javadocs/com/isti/util/gui/ColorDisplayPanel.html
                          Status: SUCCESSFUL

Install File:             /home/binh/tools/javadocs/com/isti/util/gui/CookieAccess.html
                          Status: SUCCESSFUL

Install File:             /home/binh/tools/javadocs/com/isti/util/gui/EntryFieldPanel.html
                          Status: SUCCESSFUL

Install File:             /home/binh/tools/javadocs/com/isti/util/gui/EvtJPanel.html
                          Status: SUCCESSFUL

Install File:             /home/binh/tools/javadocs/com/isti/util/gui/FifoHashListModel.html
                          Status: SUCCESSFUL

Install File:             /home/binh/tools/javadocs/com/isti/util/gui/FilteredDocument.html
                          Status: SUCCESSFUL

Install File:             /home/binh/tools/javadocs/com/isti/util/gui/FilteredJTextField.html
                          Status: SUCCESSFUL

Install File:             /home/binh/tools/javadocs/com/isti/util/gui/FixedFrameComponentListener.html
                          Status: SUCCESSFUL

Install File:             /home/binh/tools/javadocs/com/isti/util/gui/FloatJTextField.html
                          Status: SUCCESSFUL

Install File:             /home/binh/tools/javadocs/com/isti/util/gui/FocusUtils.html
                          Status: SUCCESSFUL

Install File:             /home/binh/tools/javadocs/com/isti/util/gui/GuiUtilFns.html
                          Status: SUCCESSFUL

Install File:             /home/binh/tools/javadocs/com/isti/util/gui/HandJButton.html
                          Status: SUCCESSFUL

Install File:             /home/binh/tools/javadocs/com/isti/util/gui/HintManager.html
                          Status: SUCCESSFUL

Install File:             /home/binh/tools/javadocs/com/isti/util/gui/ImageIconLoader.html
                          Status: SUCCESSFUL

Install File:             /home/binh/tools/javadocs/com/isti/util/gui/IstiAbstractTimeRangePanel.html
                          Status: SUCCESSFUL

Install File:             /home/binh/tools/javadocs/com/isti/util/gui/IstiCalendarPanel.CalendarTableCellRenderer.html
                          Status: SUCCESSFUL

Install File:             /home/binh/tools/javadocs/com/isti/util/gui/IstiCalendarPanel.CalendarTableModel.html
                          Status: SUCCESSFUL

Install File:             /home/binh/tools/javadocs/com/isti/util/gui/IstiCalendarPanel.html
                          Status: SUCCESSFUL

Install File:             /home/binh/tools/javadocs/com/isti/util/gui/IstiCalendarPanel.YearJComboBox.html
                          Status: SUCCESSFUL

Install File:             /home/binh/tools/javadocs/com/isti/util/gui/IstiClockPanel.html
                          Status: SUCCESSFUL

Install File:             /home/binh/tools/javadocs/com/isti/util/gui/IstiColorChooser.html
                          Status: SUCCESSFUL

Install File:             /home/binh/tools/javadocs/com/isti/util/gui/IstiColorSelector.html
                          Status: SUCCESSFUL

Install File:             /home/binh/tools/javadocs/com/isti/util/gui/IstiComboBoxModel.html
                          Status: SUCCESSFUL

Install File:             /home/binh/tools/javadocs/com/isti/util/gui/IstiDataTableModel.html
                          Status: SUCCESSFUL

Install File:             /home/binh/tools/javadocs/com/isti/util/gui/IstiDialogPopup.CloseListener.html
                          Status: SUCCESSFUL

Install File:             /home/binh/tools/javadocs/com/isti/util/gui/IstiDialogPopup.html
                          Status: SUCCESSFUL

Install File:             /home/binh/tools/javadocs/com/isti/util/gui/IstiDialogUtil.html
                          Status: SUCCESSFUL

Install File:             /home/binh/tools/javadocs/com/isti/util/gui/IstiFileChooser.html
                          Status: SUCCESSFUL

Install File:             /home/binh/tools/javadocs/com/isti/util/gui/IstiFileChooserAccessoryPanel.html
                          Status: SUCCESSFUL

Install File:             /home/binh/tools/javadocs/com/isti/util/gui/IstiFixedJFileChooser.html
                          Status: SUCCESSFUL

Install File:             /home/binh/tools/javadocs/com/isti/util/gui/IstiFocusManager.html
                          Status: SUCCESSFUL

Install File:             /home/binh/tools/javadocs/com/isti/util/gui/IstiGridBagConstraints.html
                          Status: SUCCESSFUL

Install File:             /home/binh/tools/javadocs/com/isti/util/gui/IstiListComboBoxModel.html
                          Status: SUCCESSFUL

Install File:             /home/binh/tools/javadocs/com/isti/util/gui/IstiMenu.html
                          Status: SUCCESSFUL

Install File:             /home/binh/tools/javadocs/com/isti/util/gui/IstiMenuPanel.html
                          Status: SUCCESSFUL

Install File:             /home/binh/tools/javadocs/com/isti/util/gui/IstiPasswordDialog.html
                          Status: SUCCESSFUL

Install File:             /home/binh/tools/javadocs/com/isti/util/gui/IstiPasswordPanel.html
                          Status: SUCCESSFUL

Install File:             /home/binh/tools/javadocs/com/isti/util/gui/IstiPasswordPanel.UpdateListener.html
                          Status: SUCCESSFUL

Install File:             /home/binh/tools/javadocs/com/isti/util/gui/IstiPopupMenu.html
                          Status: SUCCESSFUL

Install File:             /home/binh/tools/javadocs/com/isti/util/gui/IstiRegionEditPanel.html
                          Status: SUCCESSFUL

Install File:             /home/binh/tools/javadocs/com/isti/util/gui/IstiRegionPanel.html
                          Status: SUCCESSFUL

Install File:             /home/binh/tools/javadocs/com/isti/util/gui/IstiSmallLogo.html
                          Status: SUCCESSFUL

Install File:             /home/binh/tools/javadocs/com/isti/util/gui/IstiTableModel.html
                          Status: SUCCESSFUL

Install File:             /home/binh/tools/javadocs/com/isti/util/gui/IstiTimePanel.html
                          Status: SUCCESSFUL

Install File:             /home/binh/tools/javadocs/com/isti/util/gui/IstiTimeRangePanel.DurationChangeType.html
                          Status: SUCCESSFUL

Install File:             /home/binh/tools/javadocs/com/isti/util/gui/IstiTimeRangePanel.html
                          Status: SUCCESSFUL

Install File:             /home/binh/tools/javadocs/com/isti/util/gui/JProgBarIndicator.html
                          Status: SUCCESSFUL

Install File:             /home/binh/tools/javadocs/com/isti/util/gui/JTextFieldComboBoxEditor.html
                          Status: SUCCESSFUL

Install File:             /home/binh/tools/javadocs/com/isti/util/gui/JTreeTable.html
                          Status: SUCCESSFUL

Install File:             /home/binh/tools/javadocs/com/isti/util/gui/JTreeTable.ListToTreeSelectionModelWrapper.html
                          Status: SUCCESSFUL

Install File:             /home/binh/tools/javadocs/com/isti/util/gui/JTreeTable.ListToTreeSelectionModelWrapper.ListSelectionHandler.html
                          Status: SUCCESSFUL

Install File:             /home/binh/tools/javadocs/com/isti/util/gui/JTreeTable.TreeTableCellEditor.html
                          Status: SUCCESSFUL

Install File:             /home/binh/tools/javadocs/com/isti/util/gui/JTreeTable.TreeTableCellRenderer.html
                          Status: SUCCESSFUL

Install File:             /home/binh/tools/javadocs/com/isti/util/gui/KeyEventsRedirector.html
                          Status: SUCCESSFUL

Install File:             /home/binh/tools/javadocs/com/isti/util/gui/LaunchBrowserButton.html
                          Status: SUCCESSFUL

Install File:             /home/binh/tools/javadocs/com/isti/util/gui/LaunchBrowserListener.html
                          Status: SUCCESSFUL

Install File:             /home/binh/tools/javadocs/com/isti/util/gui/LaunchBrowserTextArea.html
                          Status: SUCCESSFUL

Install File:             /home/binh/tools/javadocs/com/isti/util/gui/ManagedJProgressBar.html
                          Status: SUCCESSFUL

Install File:             /home/binh/tools/javadocs/com/isti/util/gui/MultiLineJLabel.html
                          Status: SUCCESSFUL

Install File:             /home/binh/tools/javadocs/com/isti/util/gui/NameColorChooserPanel.html
                          Status: SUCCESSFUL

Install File:             /home/binh/tools/javadocs/com/isti/util/gui/package-frame.html
                          Status: SUCCESSFUL

Install File:             /home/binh/tools/javadocs/com/isti/util/gui/package-summary.html
                          Status: SUCCESSFUL

Install File:             /home/binh/tools/javadocs/com/isti/util/gui/package-tree.html
                          Status: SUCCESSFUL

Install File:             /home/binh/tools/javadocs/com/isti/util/gui/PopPanel.html
                          Status: SUCCESSFUL

Install File:             /home/binh/tools/javadocs/com/isti/util/gui/PopPanelHost.html
                          Status: SUCCESSFUL

Install File:             /home/binh/tools/javadocs/com/isti/util/gui/PopPanelTest.html
                          Status: SUCCESSFUL

Install File:             /home/binh/tools/javadocs/com/isti/util/gui/PopupHandler.html
                          Status: SUCCESSFUL

Install File:             /home/binh/tools/javadocs/com/isti/util/gui/ProgressDialog.html
                          Status: SUCCESSFUL

Install File:             /home/binh/tools/javadocs/com/isti/util/gui/SetupLookAndFeel.html
                          Status: SUCCESSFUL

Install File:             /home/binh/tools/javadocs/com/isti/util/gui/SimpleDialog.html
                          Status: SUCCESSFUL

Install File:             /home/binh/tools/javadocs/com/isti/util/gui/SortedValuesJList.html
                          Status: SUCCESSFUL

Install File:             /home/binh/tools/javadocs/com/isti/util/gui/SortedValuesJList.ListSelKeyChangeCallBack.html
                          Status: SUCCESSFUL

Install File:             /home/binh/tools/javadocs/com/isti/util/gui/SplashWindow.html
                          Status: SUCCESSFUL

Install File:             /home/binh/tools/javadocs/com/isti/util/gui/SymbolConstants.html
                          Status: SUCCESSFUL

Install File:             /home/binh/tools/javadocs/com/isti/util/gui/SymbolIcon.html
                          Status: SUCCESSFUL

Install File:             /home/binh/tools/javadocs/com/isti/util/gui/SymbolIconCellRenderer.html
                          Status: SUCCESSFUL

Install File:             /home/binh/tools/javadocs/com/isti/util/gui/SymbolJLabel.html
                          Status: SUCCESSFUL

Install File:             /home/binh/tools/javadocs/com/isti/util/gui/SymbolListCellRenderer.html
                          Status: SUCCESSFUL

Install File:             /home/binh/tools/javadocs/com/isti/util/gui/SynchJList.html
                          Status: SUCCESSFUL

Install File:             /home/binh/tools/javadocs/com/isti/util/gui/TabCloseIcon.CloseTab.html
                          Status: SUCCESSFUL

Install File:             /home/binh/tools/javadocs/com/isti/util/gui/TabCloseIcon.html
                          Status: SUCCESSFUL

Install File:             /home/binh/tools/javadocs/com/isti/util/gui/TabCloseIcon.TabCloseIconMouseListener.html
                          Status: SUCCESSFUL

Install File:             /home/binh/tools/javadocs/com/isti/util/gui/TabHistoryListener.html
                          Status: SUCCESSFUL

Install File:             /home/binh/tools/javadocs/com/isti/util/gui/TableSorter.html
                          Status: SUCCESSFUL

Install File:             /home/binh/tools/javadocs/com/isti/util/gui/TextAreaOutputStream.html
                          Status: SUCCESSFUL

Install File:             /home/binh/tools/javadocs/com/isti/util/gui/TextAreaWriter.html
                          Status: SUCCESSFUL

Install File:             /home/binh/tools/javadocs/com/isti/util/gui/TimeFilteredDocument.html
                          Status: SUCCESSFUL

Install File:             /home/binh/tools/javadocs/com/isti/util/gui/TimeJTextField.html
                          Status: SUCCESSFUL

Install File:             /home/binh/tools/javadocs/com/isti/util/gui/TimeRangeTitledBorder.html
                          Status: SUCCESSFUL

Install File:             /home/binh/tools/javadocs/com/isti/util/gui/TimeSlider.html
                          Status: SUCCESSFUL

Install File:             /home/binh/tools/javadocs/com/isti/util/gui/ToolTipInformation.html
                          Status: SUCCESSFUL

Install File:             /home/binh/tools/javadocs/com/isti/util/gui/ToolTipWindow.html
                          Status: SUCCESSFUL

Install File:             /home/binh/tools/javadocs/com/isti/util/gui/TransferFocusListener.html
                          Status: SUCCESSFUL

Install File:             /home/binh/tools/javadocs/com/isti/util/gui/TreeTableModel.html
                          Status: SUCCESSFUL

Install File:             /home/binh/tools/javadocs/com/isti/util/gui/TreeTableModelAdapter.html
                          Status: SUCCESSFUL

Install File:             /home/binh/tools/javadocs/com/isti/util/gui/UpdateHandler.html
                          Status: SUCCESSFUL

Install File:             /home/binh/tools/javadocs/com/isti/util/gui/UpdateListener.html
                          Status: SUCCESSFUL

Install File:             /home/binh/tools/javadocs/com/isti/util/gui/UrlAuthenticatorDialog.html
                          Status: SUCCESSFUL

Install File:             /home/binh/tools/javadocs/com/isti/util/gui/ValueJTableModel.html
                          Status: SUCCESSFUL

Install File:             /home/binh/tools/javadocs/com/isti/util/gui/ViewHTMLPanel.html
                          Status: SUCCESSFUL

Install File:             /home/binh/tools/javadocs/com/isti/util/gui/ViewHTMLPanelHandler.html
                          Status: SUCCESSFUL

Install File:             /home/binh/tools/javadocs/com/isti/util/HeartbeatFile.html
                          Status: SUCCESSFUL

Install File:             /home/binh/tools/javadocs/com/isti/util/HtmlConstants.html
                          Status: SUCCESSFUL

Install File:             /home/binh/tools/javadocs/com/isti/util/HtmlUtilFns.html
                          Status: SUCCESSFUL

Install File:             /home/binh/tools/javadocs/com/isti/util/ILaunchBrowser.html
                          Status: SUCCESSFUL

Install File:             /home/binh/tools/javadocs/com/isti/util/IstiColumnFilter.html
                          Status: SUCCESSFUL

Install File:             /home/binh/tools/javadocs/com/isti/util/IstiDataInputStream.html
                          Status: SUCCESSFUL

Install File:             /home/binh/tools/javadocs/com/isti/util/IstiDataModel.html
                          Status: SUCCESSFUL

Install File:             /home/binh/tools/javadocs/com/isti/util/IstiDialogInterface.html
                          Status: SUCCESSFUL

Install File:             /home/binh/tools/javadocs/com/isti/util/IstiEncryptionUtils.html
                          Status: SUCCESSFUL

Install File:             /home/binh/tools/javadocs/com/isti/util/IstiEpoch.html
                          Status: SUCCESSFUL

Install File:             /home/binh/tools/javadocs/com/isti/util/IstiEpochComparator.html
                          Status: SUCCESSFUL

Install File:             /home/binh/tools/javadocs/com/isti/util/IstiEpochConverter.html
                          Status: SUCCESSFUL

Install File:             /home/binh/tools/javadocs/com/isti/util/IstiEventListener.html
                          Status: SUCCESSFUL

Install File:             /home/binh/tools/javadocs/com/isti/util/IstiEventListenerList.html
                          Status: SUCCESSFUL

Install File:             /home/binh/tools/javadocs/com/isti/util/IstiFileFilter.html
                          Status: SUCCESSFUL

Install File:             /home/binh/tools/javadocs/com/isti/util/IstiLocale.html
                          Status: SUCCESSFUL

Install File:             /home/binh/tools/javadocs/com/isti/util/IstiLogFileHandler.html
                          Status: SUCCESSFUL

Install File:             /home/binh/tools/javadocs/com/isti/util/IstiMessageCachedArchive.AddMessageWorkerThread.html
                          Status: SUCCESSFUL

Install File:             /home/binh/tools/javadocs/com/isti/util/IstiMessageCachedArchive.ArchivableMsgObjEntry.html
                          Status: SUCCESSFUL

Install File:             /home/binh/tools/javadocs/com/isti/util/IstiMessageCachedArchive.BasicArchivableMsgObjEntry.html
                          Status: SUCCESSFUL

Install File:             /home/binh/tools/javadocs/com/isti/util/IstiMessageCachedArchive.html
                          Status: SUCCESSFUL

Install File:             /home/binh/tools/javadocs/com/isti/util/IstiMessageObjectCache.BasicMessageObjectEntry.html
                          Status: SUCCESSFUL

Install File:             /home/binh/tools/javadocs/com/isti/util/IstiMessageObjectCache.html
                          Status: SUCCESSFUL

Install File:             /home/binh/tools/javadocs/com/isti/util/IstiMessageObjectCache.MessageObjectEntry.html
                          Status: SUCCESSFUL

Install File:             /home/binh/tools/javadocs/com/isti/util/IstiNamedValue.html
                          Status: SUCCESSFUL

Install File:             /home/binh/tools/javadocs/com/isti/util/IstiNamedValueInterface.html
                          Status: SUCCESSFUL

Install File:             /home/binh/tools/javadocs/com/isti/util/IstiNotifyThread.html
                          Status: SUCCESSFUL

Install File:             /home/binh/tools/javadocs/com/isti/util/IstiRowFilter.html
                          Status: SUCCESSFUL

Install File:             /home/binh/tools/javadocs/com/isti/util/IstiSound.html
                          Status: SUCCESSFUL

Install File:             /home/binh/tools/javadocs/com/isti/util/IstiThread.html
                          Status: SUCCESSFUL

Install File:             /home/binh/tools/javadocs/com/isti/util/IstiTimeObjectCache.BasicTimeObjectEntry.html
                          Status: SUCCESSFUL

Install File:             /home/binh/tools/javadocs/com/isti/util/IstiTimeObjectCache.CacheInformation.html
                          Status: SUCCESSFUL

Install File:             /home/binh/tools/javadocs/com/isti/util/IstiTimeObjectCache.html
                          Status: SUCCESSFUL

Install File:             /home/binh/tools/javadocs/com/isti/util/IstiTimeObjectCache.TimeObjectEntry.html
                          Status: SUCCESSFUL

Install File:             /home/binh/tools/javadocs/com/isti/util/IstiTimeObjectCache.VectorWithCount.html
                          Status: SUCCESSFUL

Install File:             /home/binh/tools/javadocs/com/isti/util/IstiTimeRange.html
                          Status: SUCCESSFUL

Install File:             /home/binh/tools/javadocs/com/isti/util/IstiVersion.html
                          Status: SUCCESSFUL

Install File:             /home/binh/tools/javadocs/com/isti/util/IstiXmlLoader.html
                          Status: SUCCESSFUL

Install File:             /home/binh/tools/javadocs/com/isti/util/IstiXMLOutputter.html
                          Status: SUCCESSFUL

Install File:             /home/binh/tools/javadocs/com/isti/util/IstiXmlUtils.html
                          Status: SUCCESSFUL

Install File:             /home/binh/tools/javadocs/com/isti/util/IstiXmlUtils.RootElement.html
                          Status: SUCCESSFUL

Install File:             /home/binh/tools/javadocs/com/isti/util/JCrypt.html
                          Status: SUCCESSFUL

Install File:             /home/binh/tools/javadocs/com/isti/util/KeyedTreeTable.html
                          Status: SUCCESSFUL

Install File:             /home/binh/tools/javadocs/com/isti/util/KeyedTreeTable.TimedValueBlock.html
                          Status: SUCCESSFUL

Install File:             /home/binh/tools/javadocs/com/isti/util/LaunchBrowser.html
                          Status: SUCCESSFUL

Install File:             /home/binh/tools/javadocs/com/isti/util/LineProcOutputStream.html
                          Status: SUCCESSFUL

Install File:             /home/binh/tools/javadocs/com/isti/util/ListComparator.html
                          Status: SUCCESSFUL

Install File:             /home/binh/tools/javadocs/com/isti/util/LogFile.html
                          Status: SUCCESSFUL

Install File:             /home/binh/tools/javadocs/com/isti/util/LogFileViaCfgProps.html
                          Status: SUCCESSFUL

Install File:             /home/binh/tools/javadocs/com/isti/util/LogOutputStream.html
                          Status: SUCCESSFUL

Install File:             /home/binh/tools/javadocs/com/isti/util/Math10.html
                          Status: SUCCESSFUL

Install File:             /home/binh/tools/javadocs/com/isti/util/MeasurementUnits.html
                          Status: SUCCESSFUL

Install File:             /home/binh/tools/javadocs/com/isti/util/MeasurementUnitsInformation.html
                          Status: SUCCESSFUL

Install File:             /home/binh/tools/javadocs/com/isti/util/MemoryInfoLogger.html
                          Status: SUCCESSFUL

Install File:             /home/binh/tools/javadocs/com/isti/util/MemoryInfoLogger.LoggerRunningThread.html
                          Status: SUCCESSFUL

Install File:             /home/binh/tools/javadocs/com/isti/util/MiscTests.html
                          Status: SUCCESSFUL

Install File:             /home/binh/tools/javadocs/com/isti/util/ModBoolean.html
                          Status: SUCCESSFUL

Install File:             /home/binh/tools/javadocs/com/isti/util/ModIterator.html
                          Status: SUCCESSFUL

Install File:             /home/binh/tools/javadocs/com/isti/util/MsgViaFileProcessor.html
                          Status: SUCCESSFUL

Install File:             /home/binh/tools/javadocs/com/isti/util/MsgViaFileProcessor.MsgFileProcessingThread.html
                          Status: SUCCESSFUL

Install File:             /home/binh/tools/javadocs/com/isti/util/MsgViaFileProcessor.ProcMsgCallBack.html
                          Status: SUCCESSFUL

Install File:             /home/binh/tools/javadocs/com/isti/util/MsgViaFileProcessor.ViaFileProperties.html
                          Status: SUCCESSFUL

Install File:             /home/binh/tools/javadocs/com/isti/util/NullOutputStream.html
                          Status: SUCCESSFUL

Install File:             /home/binh/tools/javadocs/com/isti/util/package-frame.html
                          Status: SUCCESSFUL

Install File:             /home/binh/tools/javadocs/com/isti/util/package-summary.html
                          Status: SUCCESSFUL

Install File:             /home/binh/tools/javadocs/com/isti/util/package-tree.html
                          Status: SUCCESSFUL

Install File:             /home/binh/tools/javadocs/com/isti/util/PasswordAuthenticator.html
                          Status: SUCCESSFUL

Install File:             /home/binh/tools/javadocs/com/isti/util/PatchManifest.html
                          Status: SUCCESSFUL

Install File:             /home/binh/tools/javadocs/com/isti/util/PrefixFileFilter.html
                          Status: SUCCESSFUL

Install File:             /home/binh/tools/javadocs/com/isti/util/PrintfFormat.html
                          Status: SUCCESSFUL

Install File:             /home/binh/tools/javadocs/com/isti/util/ProcessUtilFns.html
                          Status: SUCCESSFUL

Install File:             /home/binh/tools/javadocs/com/isti/util/ProgramInformationInterface.html
                          Status: SUCCESSFUL

Install File:             /home/binh/tools/javadocs/com/isti/util/ProgramSingleton.FileManagerThread.html
                          Status: SUCCESSFUL

Install File:             /home/binh/tools/javadocs/com/isti/util/ProgramSingleton.html
                          Status: SUCCESSFUL

Install File:             /home/binh/tools/javadocs/com/isti/util/ProgressIndicatorInterface.html
                          Status: SUCCESSFUL

Install File:             /home/binh/tools/javadocs/com/isti/util/PropItem.html
                          Status: SUCCESSFUL

Install File:             /home/binh/tools/javadocs/com/isti/util/PropItemInterface.html
                          Status: SUCCESSFUL

Install File:             /home/binh/tools/javadocs/com/isti/util/Restarter.html
                          Status: SUCCESSFUL

Install File:             /home/binh/tools/javadocs/com/isti/util/SimplePropsParser.html
                          Status: SUCCESSFUL

Install File:             /home/binh/tools/javadocs/com/isti/util/SortedProperties.html
                          Status: SUCCESSFUL

Install File:             /home/binh/tools/javadocs/com/isti/util/SpecificFileFilter.html
                          Status: SUCCESSFUL

Install File:             /home/binh/tools/javadocs/com/isti/util/StreamTransferThread.html
                          Status: SUCCESSFUL

Install File:             /home/binh/tools/javadocs/com/isti/util/StringConstants.html
                          Status: SUCCESSFUL

Install File:             /home/binh/tools/javadocs/com/isti/util/TagValueTable.html
                          Status: SUCCESSFUL

Install File:             /home/binh/tools/javadocs/com/isti/util/TagValueTable.MutableLong.html
                          Status: SUCCESSFUL

Install File:             /home/binh/tools/javadocs/com/isti/util/TagValueTrkTable.html
                          Status: SUCCESSFUL

Install File:             /home/binh/tools/javadocs/com/isti/util/TagValueTrkTable.TrackingMutableLong.html
                          Status: SUCCESSFUL

Install File:             /home/binh/tools/javadocs/com/isti/util/ThreadLogger.html
                          Status: SUCCESSFUL

Install File:             /home/binh/tools/javadocs/com/isti/util/ThreadLogger.LoggerRunningThread.html
                          Status: SUCCESSFUL

Install File:             /home/binh/tools/javadocs/com/isti/util/TimeConstants.html
                          Status: SUCCESSFUL

Install File:             /home/binh/tools/javadocs/com/isti/util/TimeEventQueue.html
                          Status: SUCCESSFUL

Install File:             /home/binh/tools/javadocs/com/isti/util/TimestampOutputStream.html
                          Status: SUCCESSFUL

Install File:             /home/binh/tools/javadocs/com/isti/util/TimeUnits.html
                          Status: SUCCESSFUL

Install File:             /home/binh/tools/javadocs/com/isti/util/TwoObjectMatcher.html
                          Status: SUCCESSFUL

Install File:             /home/binh/tools/javadocs/com/isti/util/TwoStringBlock.html
                          Status: SUCCESSFUL

Install File:             /home/binh/tools/javadocs/com/isti/util/UnsyncFifoHashtable.html
                          Status: SUCCESSFUL

Install File:             /home/binh/tools/javadocs/com/isti/util/UnsyncFifoHashtable.MapEntry.html
                          Status: SUCCESSFUL

Install File:             /home/binh/tools/javadocs/com/isti/util/UrlAuthenticator.html
                          Status: SUCCESSFUL

Install File:             /home/binh/tools/javadocs/com/isti/util/URLRefDecoder.html
                          Status: SUCCESSFUL

Install File:             /home/binh/tools/javadocs/com/isti/util/URLRefEncoder.html
                          Status: SUCCESSFUL

Install File:             /home/binh/tools/javadocs/com/isti/util/UtilFns.html
                          Status: SUCCESSFUL

Install File:             /home/binh/tools/javadocs/com/isti/util/ValueTableModel.html
                          Status: SUCCESSFUL

Install File:             /home/binh/tools/javadocs/com/isti/util/ValueTimeBlock.html
                          Status: SUCCESSFUL

Install File:             /home/binh/tools/javadocs/com/isti/util/ValueTimeUtilFns.html
                          Status: SUCCESSFUL

Install File:             /home/binh/tools/javadocs/com/isti/util/VectorSet.html
                          Status: SUCCESSFUL

Install File:             /home/binh/tools/javadocs/com/isti/util/WildcardFilter.html
                          Status: SUCCESSFUL

Install File:             /home/binh/tools/javadocs/com/isti/util/WriterOutputStream.html
                          Status: SUCCESSFUL

Install File:             /home/binh/tools/javadocs/com/isti/util/XmlConfigLoader.html
                          Status: SUCCESSFUL

Install File:             /home/binh/tools/javadocs/com/isti/util/ZipFileUtils.html
                          Status: SUCCESSFUL

Install File:             /home/binh/tools/javadocs/constant-values.html
                          Status: SUCCESSFUL

Install File:             /home/binh/tools/javadocs/deprecated-list.html
                          Status: SUCCESSFUL

Install File:             /home/binh/tools/javadocs/help-doc.html
                          Status: SUCCESSFUL

Install File:             /home/binh/tools/javadocs/index-all.html
                          Status: SUCCESSFUL

Install File:             /home/binh/tools/javadocs/index.html
                          Status: SUCCESSFUL

Install File:             /home/binh/tools/javadocs/isti_long.gif
                          Status: SUCCESSFUL

Install File:             /home/binh/tools/javadocs/overview-frame.html
                          Status: SUCCESSFUL

Install File:             /home/binh/tools/javadocs/overview-summary.html
                          Status: SUCCESSFUL

Install File:             /home/binh/tools/javadocs/overview-tree.html
                          Status: SUCCESSFUL

Install File:             /home/binh/tools/javadocs/package-list
                          Status: SUCCESSFUL

Install File:             /home/binh/tools/javadocs/resources/inherit.gif
                          Status: SUCCESSFUL

Install File:             /home/binh/tools/javadocs/serialized-form.html
                          Status: SUCCESSFUL

Install File:             /home/binh/tools/javadocs/small_isti_logo.gif
                          Status: SUCCESSFUL

Install File:             /home/binh/tools/javadocs/stylesheet.css
                          Status: SUCCESSFUL

Install Directory:        /home/binh/
                          Status: SUCCESSFUL
                          Additional Notes: NOTE - Directory already existed

Create Link:              /home/binh/JPlotResp
                          Status: SUCCESSFUL

Create Link:              /home/binh/JPlotResp Manual
                          Status: SUCCESSFUL

Create Link:              /home/binh/Uninstall JPlotResp
                          Status: SUCCESSFUL


